20170414 143503.433 [6156] Sauce Connect 4.4.0, build 845 e8cba87-dirty
20170414 143503.435 [6156] Trying to autodetect proxy settings
20170414 143503.439 [6156] Starting up; pid 6156
20170414 143503.439 [6156] Command line arguments: D:\git\vue2do\node_modules\karma-sauce-launcher\node_modules\sauce-connect-launcher\sc\sc-4.4.0-win32\bin\sc -P 5757 --logfile sauce_connect.log -u zen_n -k **** --tunnel-identifier karma1492151468 --readyfile C:\Users\CHARGE~1\AppData\Local\Temp\sc-launcher-readyfile 
20170414 143503.439 [6156] Log file: sauce_connect.log
20170414 143503.439 [6156] Pid file: C:\Users\chargerlink\AppData\Roaming/sc_client-karma1492151468.pid
20170414 143503.439 [6156] Timezone: Unknown GMT OFfset: -99h
20170414 143503.439 [6156] Using no proxy for connecting to Sauce Labs REST API.
20170414 143503.449 [6156] Resolving saucelabs.com to 162.222.75.243 took 9 ms.
20170414 143504.163 [6156] ***********************************************************
20170414 143504.163 [6156] A newer version of Sauce Connect (build 1447) is available!
20170414 143504.163 [6156] Download it here:
20170414 143504.163 [6156] https://saucelabs.com/downloads/sc-4.4.5-win32.zip
20170414 143504.163 [6156] ***********************************************************
20170414 143504.163 [6156] PROXY *** scproxy started ***
20170414 143504.170 [6156] PROXY found DNS server 192.168.60.242
20170414 143504.170 [6156] PROXY found DNS server 192.168.60.242
20170414 143504.465 [6156] Started scproxy on port 57108.
20170414 143504.465 [6156] Please wait for 'you may start your tests' to start your tests.
20170414 143504.465 [6156] Starting secure remote tunnel VM...
20170414 143511.568 [6156] Secure remote tunnel VM provisioned.
20170414 143511.568 [6156] Tunnel ID: 79b43e8b37f843f7be7f3ded66d68d39
20170414 143512.301 [6156] Secure remote tunnel VM is now: booting
